C51 COMPILER V9.54   LCD1602                                                               10/19/2015 16:06:37 PAGE 1   


C51 COMPILER V9.54, COMPILATION OF MODULE LCD1602
OBJECT MODULE PLACED IN .\Objects\LCD1602.obj
COMPILER INVOKED BY: D:\Keil_MDK\C51\BIN\C51.EXE LCD1602.c OPTIMIZE(8,SPEED) BROWSE DEBUG OBJECTEXTEND PRINT(.\Listings\
                    -LCD1602.lst) OBJECT(.\Objects\LCD1602.obj)

line level    source

   1           /* 
   2           *****************************************
   3                                  1602 液晶驱动模块
   4           *****************************************
   5           */
   6          #define _LCD1602_C
   7          
   8          #include "Config.h"
   9          #include "LCD1602.h"
  10          
  11          void Init1602()         // 重新配置LCD1602 向LCD1602写入命令
  12          {
  13   1              void WriteCmd(uchar cmd);
  14   1              
  15   1              WriteCmd(0X38);
  16   1              WriteCmd(0X0C);
  17   1              WriteCmd(0X06);
  18   1              WriteCmd(0X01);
  19   1      }
  20          
  21          void WriteCmd(U8 cmd)           // 写入命令 配置 ―――― 底层
  22          {
  23   1              void WaitReady();
  24   1              
  25   1              WaitReady();
  26   1              LCD_RS = 0;
  27   1              LCD_RW = 0;
  28   1              LCD_DB = cmd;
  29   1              LCD_E = 1;
  30   1              LCD_E = 0;
  31   1      
  32   1      }
  33          
  34          void WaitReady()                //      判断“忙”，并决策 “等待” 或 “执行”    change something.            
  35          {
  36   1              uchar str;
  37   1              
  38   1              LCD_DB = 0XFF;
  39   1              LCD_RS = 0;
  40   1              LCD_RW = 1;
  41   1              
  42   1              do
  43   1              {
  44   2                      LCD_E = 1;
  45   2                      str = LCD_DB;
  46   2                      LCD_E = 0;
  47   2              }while(str & 0x80);
  48   1              
  49   1      }
  50          
  51          void ShowStr(uchar x,uchar y,uchar *str)                // 传地址 + 传数据
  52          {
  53   1              void SetLoc(uchar x,uchar y);
  54   1              void WriteData(uchar dat);
C51 COMPILER V9.54   LCD1602                                                               10/19/2015 16:06:37 PAGE 2   

  55   1              
  56   1              SetLoc(x,y);
  57   1              
  58   1              while(*str != '\0')
  59   1              {
  60   2                              WriteData(*str++);
  61   2              }
  62   1      }
  63          
  64          void SetLoc(uchar x,uchar y)            // 写入的【数据】地址 配置 ―――― 底层
  65          {
  66   1              uchar addr;
  67   1              
  68   1              if(y == 0)
  69   1              {
  70   2                              addr = 0x80 + 0x00 + x;
  71   2              }
  72   1              else
  73   1              {
  74   2                              addr = 0x80 + 0x40 + x;
  75   2              }
  76   1              WriteCmd(addr);
  77   1      }
  78          
  79          void WriteData(uchar dat)               // 向 LCD1602 上写入数据 配置 ―――― 底层
  80          {
  81   1              
  82   1              WaitReady();
  83   1              
  84   1              LCD_RS = 1;
  85   1              LCD_RW = 0;
  86   1              LCD_DB = dat;
  87   1              LCD_E = 1;
  88   1              LCD_E = 0;
  89   1      }
  90          /*
  91          void ClearAll()
  92          {
  93                  WriteCmd(0X01);
  94          }
  95          
  96          void ClearArea(uchar x,uchar y,uchar len)               // 指定位置清屏 Area
  97          {
  98                  SetLoc(x,y);
  99                  
 100                  while(len--)
 101                  {
 102                                  WriteData(' ');
 103                  }
 104          }
 105          */


MODULE INFORMATION:   STATIC OVERLAYABLE
   CODE SIZE        =    131    ----
   CONSTANT SIZE    =   ----    ----
   XDATA SIZE       =   ----    ----
   PDATA SIZE       =   ----    ----
   DATA SIZE        =   ----       5
   IDATA SIZE       =   ----    ----
   BIT SIZE         =   ----    ----
END OF MODULE INFORMATION.

C51 COMPILER V9.54   LCD1602                                                               10/19/2015 16:06:37 PAGE 3   


C51 COMPILATION COMPLETE.  0 WARNING(S),  0 ERROR(S)
